  Grid.cpp
D:\noradenshi\source\repos\tetris\tetris\Grid.cpp(21,67): warning C4244: 'argument': conversion from 'int' to 'T', possible loss of data
          with
          [
              T=float
          ]
D:\noradenshi\source\repos\tetris\tetris\Grid.cpp(21,53): warning C4244: 'argument': conversion from 'int' to 'T', possible loss of data
          with
          [
              T=float
          ]
D:\noradenshi\source\repos\tetris\tetris\Grid.cpp(28,52): warning C4244: 'argument': conversion from 'int' to 'T', possible loss of data
          with
          [
              T=float
          ]
D:\noradenshi\source\repos\tetris\tetris\Grid.cpp(61,12): warning C4244: 'argument': conversion from 'time_t' to 'unsigned int', possible loss of data
D:\noradenshi\source\repos\tetris\tetris\Grid.cpp(70,65): warning C4244: 'argument': conversion from 'int' to 'T', possible loss of data
          with
          [
              T=float
          ]
D:\noradenshi\source\repos\tetris\tetris\Grid.cpp(70,51): warning C4244: 'argument': conversion from 'int' to 'T', possible loss of data
          with
          [
              T=float
          ]
  Main.cpp
  Generating Code...
  tetris.vcxproj -> D:\noradenshi\source\repos\tetris\Debug\tetris.exe
