  Grid.cpp
C:\Users\pracownia\noradenshi\tetris\tetris\Grid.cpp(20,67): warning C4244: "argument": konwersja z "int" do "T", możliwa utrata danych
          with
          [
              T=float
          ]
C:\Users\pracownia\noradenshi\tetris\tetris\Grid.cpp(20,53): warning C4244: "argument": konwersja z "int" do "T", możliwa utrata danych
          with
          [
              T=float
          ]
C:\Users\pracownia\noradenshi\tetris\tetris\Grid.cpp(27,52): warning C4244: "argument": konwersja z "int" do "T", możliwa utrata danych
          with
          [
              T=float
          ]
C:\Users\pracownia\noradenshi\tetris\tetris\Grid.cpp(56,12): warning C4244: "argument": konwersja z "time_t" do "unsigned int", możliwa utrata danych
C:\Users\pracownia\noradenshi\tetris\tetris\Grid.cpp(65,65): warning C4244: "argument": konwersja z "int" do "T", możliwa utrata danych
          with
          [
              T=float
          ]
C:\Users\pracownia\noradenshi\tetris\tetris\Grid.cpp(65,51): warning C4244: "argument": konwersja z "int" do "T", możliwa utrata danych
          with
          [
              T=float
          ]
  Main.cpp
  Piece.cpp
C:\Users\pracownia\noradenshi\tetris\tetris\Piece.cpp(113,80): warning C4244: "argument": konwersja z "int" do "T", możliwa utrata danych
          with
          [
              T=float
          ]
C:\Users\pracownia\noradenshi\tetris\tetris\Piece.cpp(113,50): warning C4244: "argument": konwersja z "int" do "T", możliwa utrata danych
          with
          [
              T=float
          ]
C:\Users\pracownia\noradenshi\tetris\tetris\Piece.cpp(114,86): warning C4244: "argument": konwersja z "int" do "T", możliwa utrata danych
          with
          [
              T=float
          ]
C:\Users\pracownia\noradenshi\tetris\tetris\Piece.cpp(114,56): warning C4244: "argument": konwersja z "int" do "T", możliwa utrata danych
          with
          [
              T=float
          ]
C:\Users\pracownia\noradenshi\tetris\tetris\Piece.cpp(115,92): warning C4244: "argument": konwersja z "int" do "T", możliwa utrata danych
          with
          [
              T=float
          ]
C:\Users\pracownia\noradenshi\tetris\tetris\Piece.cpp(115,56): warning C4244: "argument": konwersja z "int" do "T", możliwa utrata danych
          with
          [
              T=float
          ]
C:\Users\pracownia\noradenshi\tetris\tetris\Piece.cpp(116,86): warning C4244: "argument": konwersja z "int" do "T", możliwa utrata danych
          with
          [
              T=float
          ]
C:\Users\pracownia\noradenshi\tetris\tetris\Piece.cpp(116,50): warning C4244: "argument": konwersja z "int" do "T", możliwa utrata danych
          with
          [
              T=float
          ]
C:\Users\pracownia\noradenshi\tetris\tetris\Piece.cpp(119,55): warning C4244: "argument": konwersja z "T" do "T", możliwa utrata danych
          with
          [
              T=unsigned int
          ]
          and
          [
              T=float
          ]
C:\Users\pracownia\noradenshi\tetris\tetris\Piece.cpp(120,78): warning C4244: "argument": konwersja z "T" do "T", możliwa utrata danych
          with
          [
              T=unsigned int
          ]
          and
          [
              T=float
          ]
C:\Users\pracownia\noradenshi\tetris\tetris\Piece.cpp(120,55): warning C4244: "argument": konwersja z "T" do "T", możliwa utrata danych
          with
          [
              T=unsigned int
          ]
          and
          [
              T=float
          ]
C:\Users\pracownia\noradenshi\tetris\tetris\Piece.cpp(121,58): warning C4244: "argument": konwersja z "T" do "T", możliwa utrata danych
          with
          [
              T=unsigned int
          ]
          and
          [
              T=float
          ]
  Generowanie kodu...
  tetris.vcxproj -> C:\Users\pracownia\noradenshi\tetris\x64\Debug\tetris.exe
